# JRE version: OpenJDK Runtime Environment Temurin-17.0.12+7 (17.0.12+7) (build 17.0.12+7)
# Java VM: OpenJDK 64-Bit Server VM Temurin-17.0.12+7 (17.0.12+7, mixed mode, emulated-client, tiered, compressed oops, compressed class ptrs, g1 gc, windows-amd64)
GC Precious Log:
 CPUs: 4 total, 4 available
 Memory: 4012M
 Large Page Support: Disabled
 NUMA Support: Disabled
 Compressed Oops: Enabled (32-bit)
 Heap Region Size: 1M
 Heap Min Capacity: 8M
 Heap Initial Capacity: 64M
 Heap Max Capacity: 1G
 Pre-touch: Disabled
 Parallel Workers: 4
 Concurrent Workers: 1
 Concurrent Refinement Workers: 4
 Periodic GC: Disabled
Heap:
 garbage-first heap   total 75776K, used 38222K [0x00000000c0000000, 0x0000000100000000)
  region size 1024K, 1 young (1024K), 0 survivors (0K)
 Metaspace       used 59902K, committed 60288K, reserved 1114112K
  class space    used 7496K, committed 7680K, reserved 1048576K
GC Heap History (20 events):
Event: 110992.798 GC heap after
{Heap after GC invocations=1430 (full 1407):
 garbage-first heap   total 75776K, used 38222K [0x00000000c0000000, 0x0000000100000000)
  region size 1024K, 0 young (0K), 0 survivors (0K)
 Metaspace       used 59902K, committed 60288K, reserved 1114112K
  class space    used 7496K, committed 7680K, reserved 1048576K
}
Event: 111002.959 GC heap before
{Heap before GC invocations=1430 (full 1407):
 garbage-first heap   total 75776K, used 38222K [0x00000000c0000000, 0x0000000100000000)
  region size 1024K, 1 young (1024K), 0 survivors (0K)
 Metaspace       used 59902K, committed 60288K, reserved 1114112K
  class space    used 7496K, committed 7680K, reserved 1048576K
}
Event: 111002.991 GC heap after
{Heap after GC invocations=1431 (full 1408):
 garbage-first heap   total 75776K, used 38222K [0x00000000c0000000, 0x0000000100000000)
  region size 1024K, 0 young (0K), 0 survivors (0K)
 Metaspace       used 59902K, committed 60288K, reserved 1114112K
  class space    used 7496K, committed 7680K, reserved 1048576K
}
Event: 111013.165 GC heap before
{Heap before GC invocations=1431 (full 1408):
 garbage-first heap   total 75776K, used 38222K [0x00000000c0000000, 0x0000000100000000)
  region size 1024K, 1 young (1024K), 0 survivors (0K)
 Metaspace       used 59902K, committed 60288K, reserved 1114112K
  class space    used 7496K, committed 7680K, reserved 1048576K
}
Event: 111013.196 GC heap after
{Heap after GC invocations=1432 (full 1409):
 garbage-first heap   total 75776K, used 38222K [0x00000000c0000000, 0x0000000100000000)
  region size 1024K, 0 young (0K), 0 survivors (0K)
 Metaspace       used 59902K, committed 60288K, reserved 1114112K
  class space    used 7496K, committed 7680K, reserved 1048576K
}
Event: 111023.344 GC heap before
{Heap before GC invocations=1432 (full 1409):
 garbage-first heap   total 75776K, used 38222K [0x00000000c0000000, 0x0000000100000000)
  region size 1024K, 1 young (1024K), 0 survivors (0K)
 Metaspace       used 59902K, committed 60288K, reserved 1114112K
  class space    used 7496K, committed 7680K, reserved 1048576K
}
Event: 111023.381 GC heap after
{Heap after GC invocations=1433 (full 1410):
 garbage-first heap   total 75776K, used 38222K [0x00000000c0000000, 0x0000000100000000)
  region size 1024K, 0 young (0K), 0 survivors (0K)
 Metaspace       used 59902K, committed 60288K, reserved 1114112K
  class space    used 7496K, committed 7680K, reserved 1048576K
}
Event: 111033.526 GC heap before
{Heap before GC invocations=1433 (full 1410):
 garbage-first heap   total 75776K, used 38222K [0x00000000c0000000, 0x0000000100000000)
  region size 1024K, 1 young (1024K), 0 survivors (0K)
 Metaspace       used 59902K, committed 60288K, reserved 1114112K
  class space    used 7496K, committed 7680K, reserved 1048576K
}
Event: 111033.557 GC heap after
{Heap after GC invocations=1434 (full 1411):
 garbage-first heap   total 75776K, used 38222K [0x00000000c0000000, 0x0000000100000000)
  region size 1024K, 0 young (0K), 0 survivors (0K)
 Metaspace       used 59902K, committed 60288K, reserved 1114112K
  class space    used 7496K, committed 7680K, reserved 1048576K
}
Event: 111043.711 GC heap before
{Heap before GC invocations=1434 (full 1411):
 garbage-first heap   total 75776K, used 38222K [0x00000000c0000000, 0x0000000100000000)
  region size 1024K, 1 young (1024K), 0 survivors (0K)
 Metaspace       used 59902K, committed 60288K, reserved 1114112K
  class space    used 7496K, committed 7680K, reserved 1048576K
}
Event: 111043.744 GC heap after
{Heap after GC invocations=1435 (full 1412):
 garbage-first heap   total 75776K, used 38222K [0x00000000c0000000, 0x0000000100000000)
  region size 1024K, 0 young (0K), 0 survivors (0K)
 Metaspace       used 59902K, committed 60288K, reserved 1114112K
  class space    used 7496K, committed 7680K, reserved 1048576K
}
Event: 111053.930 GC heap before
{Heap before GC invocations=1435 (full 1412):
 garbage-first heap   total 75776K, used 38222K [0x00000000c0000000, 0x0000000100000000)
  region size 1024K, 1 young (1024K), 0 survivors (0K)
 Metaspace       used 59902K, committed 60288K, reserved 1114112K
  class space    used 7496K, committed 7680K, reserved 1048576K
}
Event: 111053.964 GC heap after
{Heap after GC invocations=1436 (full 1413):
 garbage-first heap   total 75776K, used 38222K [0x00000000c0000000, 0x0000000100000000)
  region size 1024K, 0 young (0K), 0 survivors (0K)
 Metaspace       used 59902K, committed 60288K, reserved 1114112K
  class space    used 7496K, committed 7680K, reserved 1048576K
}
Event: 111064.118 GC heap before
{Heap before GC invocations=1436 (full 1413):
 garbage-first heap   total 75776K, used 38222K [0x00000000c0000000, 0x0000000100000000)
  region size 1024K, 1 young (1024K), 0 survivors (0K)
 Metaspace       used 59902K, committed 60288K, reserved 1114112K
  class space    used 7496K, committed 7680K, reserved 1048576K
}
Event: 111064.147 GC heap after
{Heap after GC invocations=1437 (full 1414):
 garbage-first heap   total 75776K, used 38222K [0x00000000c0000000, 0x0000000100000000)
  region size 1024K, 0 young (0K), 0 survivors (0K)
 Metaspace       used 59902K, committed 60288K, reserved 1114112K
  class space    used 7496K, committed 7680K, reserved 1048576K
}
Event: 111074.314 GC heap before
{Heap before GC invocations=1437 (full 1414):
 garbage-first heap   total 75776K, used 38222K [0x00000000c0000000, 0x0000000100000000)
  region size 1024K, 1 young (1024K), 0 survivors (0K)
 Metaspace       used 59902K, committed 60288K, reserved 1114112K
  class space    used 7496K, committed 7680K, reserved 1048576K
}
Event: 111074.478 GC heap after
{Heap after GC invocations=1438 (full 1415):
 garbage-first heap   total 75776K, used 38222K [0x00000000c0000000, 0x0000000100000000)
  region size 1024K, 0 young (0K), 0 survivors (0K)
 Metaspace       used 59902K, committed 60288K, reserved 1114112K
  class space    used 7496K, committed 7680K, reserved 1048576K
}
Event: 111084.600 GC heap before
{Heap before GC invocations=1438 (full 1415):
 garbage-first heap   total 75776K, used 38222K [0x00000000c0000000, 0x0000000100000000)
  region size 1024K, 1 young (1024K), 0 survivors (0K)
 Metaspace       used 59902K, committed 60288K, reserved 1114112K
  class space    used 7496K, committed 7680K, reserved 1048576K
}
Event: 111084.631 GC heap after
{Heap after GC invocations=1439 (full 1416):
 garbage-first heap   total 75776K, used 38222K [0x00000000c0000000, 0x0000000100000000)
  region size 1024K, 0 young (0K), 0 survivors (0K)
 Metaspace       used 59902K, committed 60288K, reserved 1114112K
  class space    used 7496K, committed 7680K, reserved 1048576K
}
Event: 111094.699 GC heap before
{Heap before GC invocations=1439 (full 1416):
 garbage-first heap   total 75776K, used 38222K [0x00000000c0000000, 0x0000000100000000)
  region size 1024K, 1 young (1024K), 0 survivors (0K)
 Metaspace       used 59902K, committed 60288K, reserved 1114112K
  class space    used 7496K, committed 7680K, reserved 1048576K
}

